<?xml version="1.0" encoding="UTF-8"?>
<testsuites>
  <testsuite name="CoreFramework" tests="120" assertions="662" failures="10" errors="8" time="1.946970">
    <testsuite name="tests\Core\ConfigTest" file="/home/martin/Projects/Core/tests/Core/ConfigTest.php" namespace="tests\Core" fullPackage="Core" category="Unittest" package="Core" tests="10" assertions="3" failures="1" errors="7" time="0.074486">
      <testcase name="testAddEXPVoid01" class="tests\Core\ConfigTest" file="/home/martin/Projects/Core/tests/Core/ConfigTest.php" line="76" assertions="0" time="0.009373"/>
      <testcase name="testLoadEXPExceptionHostNotFound" class="tests\Core\ConfigTest" file="/home/martin/Projects/Core/tests/Core/ConfigTest.php" line="92" assertions="2" time="0.009826"/>
      <testcase name="testLoadEXPExceptionConfigNotFound" class="tests\Core\ConfigTest" file="/home/martin/Projects/Core/tests/Core/ConfigTest.php" line="108" assertions="1" time="0.008895">
        <failure type="PHPUnit_Framework_ExpectationFailedException">tests\Core\ConfigTest::testLoadEXPExceptionConfigNotFound
Failed asserting that exception of type "PHPUnit_Framework_Error_Warning" matches expected exception "\LengthException". Message was: "Invalid argument supplied for foreach()".

</failure>
      </testcase>
      <testcase name="testLoadEXPVoid" class="tests\Core\ConfigTest" file="/home/martin/Projects/Core/tests/Core/ConfigTest.php" line="122" assertions="0" time="0.006670">
        <error type="PHPUnit_Framework_Error_Warning">tests\Core\ConfigTest::testLoadEXPVoid
Invalid argument supplied for foreach()

/home/martin/Projects/Core/tests/bootstrap.php:89
/home/martin/Projects/Core/src/Config.php:80
/home/martin/Projects/Core/tests/Core/ConfigTest.php:127
</error>
      </testcase>
      <testcase name="testDefinedEXPDefinedConstantFromGeneral" class="tests\Core\ConfigTest" file="/home/martin/Projects/Core/tests/Core/ConfigTest.php" line="138" assertions="0" time="0.006521">
        <error type="PHPUnit_Framework_Error_Warning">tests\Core\ConfigTest::testDefinedEXPDefinedConstantFromGeneral
Invalid argument supplied for foreach()

/home/martin/Projects/Core/tests/bootstrap.php:89
/home/martin/Projects/Core/src/Config.php:80
/home/martin/Projects/Core/tests/Core/ConfigTest.php:143
</error>
      </testcase>
      <testcase name="testDefinedEXPDefinedConstantsFromUnittests" class="tests\Core\ConfigTest" file="/home/martin/Projects/Core/tests/Core/ConfigTest.php" line="156" assertions="0" time="0.006527">
        <error type="PHPUnit_Framework_Error_Warning">tests\Core\ConfigTest::testDefinedEXPDefinedConstantsFromUnittests
Invalid argument supplied for foreach()

/home/martin/Projects/Core/tests/bootstrap.php:89
/home/martin/Projects/Core/src/Config.php:80
/home/martin/Projects/Core/tests/Core/ConfigTest.php:161
</error>
      </testcase>
      <testcase name="testDefinedEXPDefinedVariableFromUnittests" class="tests\Core\ConfigTest" file="/home/martin/Projects/Core/tests/Core/ConfigTest.php" line="176" assertions="0" time="0.006492">
        <error type="PHPUnit_Framework_Error_Warning">tests\Core\ConfigTest::testDefinedEXPDefinedVariableFromUnittests
Invalid argument supplied for foreach()

/home/martin/Projects/Core/tests/bootstrap.php:89
/home/martin/Projects/Core/src/Config.php:80
/home/martin/Projects/Core/tests/Core/ConfigTest.php:181
</error>
      </testcase>
      <testcase name="testDefinedEXPUndefinedVariableFromUnittests" class="tests\Core\ConfigTest" file="/home/martin/Projects/Core/tests/Core/ConfigTest.php" line="195" assertions="0" time="0.006579">
        <error type="PHPUnit_Framework_Error_Warning">tests\Core\ConfigTest::testDefinedEXPUndefinedVariableFromUnittests
Invalid argument supplied for foreach()

/home/martin/Projects/Core/tests/bootstrap.php:89
/home/martin/Projects/Core/src/Config.php:80
/home/martin/Projects/Core/tests/Core/ConfigTest.php:200
</error>
      </testcase>
      <testcase name="testHostEndsWithEXPTrue" class="tests\Core\ConfigTest" file="/home/martin/Projects/Core/tests/Core/ConfigTest.php" line="212" assertions="0" time="0.007069">
        <error type="PHPUnit_Framework_Error_Warning">tests\Core\ConfigTest::testHostEndsWithEXPTrue
Invalid argument supplied for foreach()

/home/martin/Projects/Core/tests/bootstrap.php:89
/home/martin/Projects/Core/src/Config.php:80
/home/martin/Projects/Core/tests/Core/ConfigTest.php:217
</error>
      </testcase>
      <testcase name="testHostEndsWithEXPFalse" class="tests\Core\ConfigTest" file="/home/martin/Projects/Core/tests/Core/ConfigTest.php" line="237" assertions="0" time="0.006534">
        <error type="PHPUnit_Framework_Error_Warning">tests\Core\ConfigTest::testHostEndsWithEXPFalse
Invalid argument supplied for foreach()

/home/martin/Projects/Core/tests/bootstrap.php:89
/home/martin/Projects/Core/src/Config.php:80
/home/martin/Projects/Core/tests/Core/ConfigTest.php:242
</error>
      </testcase>
    </testsuite>
    <testsuite name="tests\Core\FrontControllerTest" file="/home/martin/Projects/Core/tests/Core/FrontControllerTest.php" namespace="tests\Core" fullPackage="Core" category="Unittest" package="Core" tests="0" assertions="0" failures="0" errors="0" time="0.000000"/>
    <testsuite name="tests\Core\HTMLHelperTest" file="/home/martin/Projects/Core/tests/Core/HTMLHelperTest.php" namespace="tests\Core" fullPackage="Core" category="Unittest" package="Core" tests="0" assertions="0" failures="0" errors="0" time="0.000000"/>
    <testsuite name="tests\Core\LoaderTest" file="/home/martin/Projects/Core/tests/Core/LoaderTest.php" namespace="tests\Core" fullPackage="Core" category="Unittest" package="Core" tests="5" assertions="5" failures="0" errors="0" time="0.040177">
      <testcase name="testConstructEXP" class="tests\Core\LoaderTest" file="/home/martin/Projects/Core/tests/Core/LoaderTest.php" line="72" assertions="1" time="0.006693"/>
      <testcase name="testRegisterEXPTrue" class="tests\Core\LoaderTest" file="/home/martin/Projects/Core/tests/Core/LoaderTest.php" line="82" assertions="1" time="0.006942"/>
      <testcase name="testAutoloadEXPLoadingClass" class="tests\Core\LoaderTest" file="/home/martin/Projects/Core/tests/Core/LoaderTest.php" line="95" assertions="1" time="0.008601"/>
      <testcase name="testAutoloadEXPLoadingInterface" class="tests\Core\LoaderTest" file="/home/martin/Projects/Core/tests/Core/LoaderTest.php" line="112" assertions="1" time="0.009275"/>
      <testcase name="testAutoloadEXPErrorException" class="tests\Core\LoaderTest" file="/home/martin/Projects/Core/tests/Core/LoaderTest.php" line="130" assertions="1" time="0.008666"/>
    </testsuite>
    <testsuite name="tests\Core\ModelTest" file="/home/martin/Projects/Core/tests/Core/ModelTest.php" namespace="tests\Core" fullPackage="Core" category="Unittest" package="Core" tests="4" assertions="0" failures="0" errors="0" time="0.024648">
      <testcase name="testCall" class="tests\Core\ModelTest" file="/home/martin/Projects/Core/tests/Core/ModelTest.php" line="76" assertions="0" time="0.008479"/>
      <testcase name="testConstruct" class="tests\Core\ModelTest" file="/home/martin/Projects/Core/tests/Core/ModelTest.php" line="91" assertions="0" time="0.005416"/>
      <testcase name="testSetCreated" class="tests\Core\ModelTest" file="/home/martin/Projects/Core/tests/Core/ModelTest.php" line="104" assertions="0" time="0.005313"/>
      <testcase name="testSetModified" class="tests\Core\ModelTest" file="/home/martin/Projects/Core/tests/Core/ModelTest.php" line="117" assertions="0" time="0.005440"/>
    </testsuite>
    <testsuite name="tests\Core\PaginatorTest" file="/home/martin/Projects/Core/tests/Core/PaginatorTest.php" namespace="tests\Core" fullPackage="Core" category="Unittest" package="Core" tests="8" assertions="6" failures="0" errors="0" time="0.078103">
      <testcase name="testConstructEXPExceptionNoParameters" class="tests\Core\PaginatorTest" file="/home/martin/Projects/Core/tests/Core/PaginatorTest.php" line="80" assertions="1" time="0.008493"/>
      <testcase name="testConstructEXPNoError" class="tests\Core\PaginatorTest" file="/home/martin/Projects/Core/tests/Core/PaginatorTest.php" line="92" assertions="0" time="0.005254"/>
      <testcase name="testGetLimitEXPStandardLimit25" class="tests\Core\PaginatorTest" file="/home/martin/Projects/Core/tests/Core/PaginatorTest.php" line="102" assertions="1" time="0.024509"/>
      <testcase name="testGetLimitEXPNoStandardLimit25BecauseSetLimit30" class="tests\Core\PaginatorTest" file="/home/martin/Projects/Core/tests/Core/PaginatorTest.php" line="113" assertions="1" time="0.012517"/>
      <testcase name="testGetLimitEXP30BecauseSetLimit30" class="tests\Core\PaginatorTest" file="/home/martin/Projects/Core/tests/Core/PaginatorTest.php" line="124" assertions="1" time="0.007088"/>
      <testcase name="testGetOffsetEXP0BecauseFirstPage" class="tests\Core\PaginatorTest" file="/home/martin/Projects/Core/tests/Core/PaginatorTest.php" line="135" assertions="0" time="0.005376"/>
      <testcase name="testGetOffsetEXP25BecauseSecondPageAndStandardLimit" class="tests\Core\PaginatorTest" file="/home/martin/Projects/Core/tests/Core/PaginatorTest.php" line="146" assertions="1" time="0.007040"/>
      <testcase name="testToStringEXPEmptyString" class="tests\Core\PaginatorTest" file="/home/martin/Projects/Core/tests/Core/PaginatorTest.php" line="160" assertions="1" time="0.007826"/>
    </testsuite>
    <testsuite name="tests\Core\PublicControllerTest" file="/home/martin/Projects/Core/tests/Core/PublicControllerTest.php" namespace="tests\Core" fullPackage="Core" category="Unittest" package="Core" tests="13" assertions="11" failures="0" errors="0" time="0.107803">
      <testcase name="testConstruct" class="tests\Core\PublicControllerTest" file="/home/martin/Projects/Core/tests/Core/PublicControllerTest.php" line="75" assertions="0" time="0.010443"/>
      <testcase name="testCall" class="tests\Core\PublicControllerTest" file="/home/martin/Projects/Core/tests/Core/PublicControllerTest.php" line="90" assertions="1" time="0.007422"/>
      <testcase name="testSetRouter" class="tests\Core\PublicControllerTest" file="/home/martin/Projects/Core/tests/Core/PublicControllerTest.php" line="102" assertions="1" time="0.007184"/>
      <testcase name="testSetView" class="tests\Core\PublicControllerTest" file="/home/martin/Projects/Core/tests/Core/PublicControllerTest.php" line="114" assertions="2" time="0.008622"/>
      <testcase name="testCreateView" class="tests\Core\PublicControllerTest" file="/home/martin/Projects/Core/tests/Core/PublicControllerTest.php" line="128" assertions="1" time="0.008369"/>
      <testcase name="testSetRequest" class="tests\Core\PublicControllerTest" file="/home/martin/Projects/Core/tests/Core/PublicControllerTest.php" line="140" assertions="1" time="0.007123"/>
      <testcase name="testSetResponse" class="tests\Core\PublicControllerTest" file="/home/martin/Projects/Core/tests/Core/PublicControllerTest.php" line="152" assertions="1" time="0.007074"/>
      <testcase name="testSetNoRender" class="tests\Core\PublicControllerTest" file="/home/martin/Projects/Core/tests/Core/PublicControllerTest.php" line="164" assertions="2" time="0.008796"/>
      <testcase name="testSetFrontcontroller" class="tests\Core\PublicControllerTest" file="/home/martin/Projects/Core/tests/Core/PublicControllerTest.php" line="179" assertions="0" time="0.011362"/>
      <testcase name="testSetFrontcontrollerEXPException" class="tests\Core\PublicControllerTest" file="/home/martin/Projects/Core/tests/Core/PublicControllerTest.php" line="192" assertions="1" time="0.007691"/>
      <testcase name="testForwardEXPException" class="tests\Core\PublicControllerTest" file="/home/martin/Projects/Core/tests/Core/PublicControllerTest.php" line="205" assertions="1" time="0.009467"/>
      <testcase name="testForwardEXPNothing" class="tests\Core\PublicControllerTest" file="/home/martin/Projects/Core/tests/Core/PublicControllerTest.php" line="217" assertions="0" time="0.008073"/>
      <testcase name="testInitEXPNothing" class="tests\Core\PublicControllerTest" file="/home/martin/Projects/Core/tests/Core/PublicControllerTest.php" line="229" assertions="0" time="0.006177"/>
    </testsuite>
    <testsuite name="tests\Core\RequestTest" file="/home/martin/Projects/Core/tests/Core/RequestTest.php" namespace="tests\Core" fullPackage="Core" category="Unittest" package="Core" tests="14" assertions="22" failures="7" errors="0" time="0.117732">
      <testcase name="testConstruct" class="tests\Core\RequestTest" file="/home/martin/Projects/Core/tests/Core/RequestTest.php" line="70" assertions="1" time="0.007101"/>
      <testcase name="testIsAjax" class="tests\Core\RequestTest" file="/home/martin/Projects/Core/tests/Core/RequestTest.php" line="81" assertions="2" time="0.008425">
        <failure type="PHPUnit_Framework_ExpectationFailedException">tests\Core\RequestTest::testIsAjax
Failed asserting that false is true.

/home/martin/Projects/Core/tests/Core/RequestTest.php:87
</failure>
      </testcase>
      <testcase name="testIsHTTPS" class="tests\Core\RequestTest" file="/home/martin/Projects/Core/tests/Core/RequestTest.php" line="95" assertions="2" time="0.009163">
        <failure type="PHPUnit_Framework_ExpectationFailedException">tests\Core\RequestTest::testIsHTTPS
Failed asserting that false is true.

/home/martin/Projects/Core/tests/Core/RequestTest.php:101
</failure>
      </testcase>
      <testcase name="testIsMobile" class="tests\Core\RequestTest" file="/home/martin/Projects/Core/tests/Core/RequestTest.php" line="115" assertions="2" time="0.007375"/>
      <testcase name="testGetMethod" class="tests\Core\RequestTest" file="/home/martin/Projects/Core/tests/Core/RequestTest.php" line="129" assertions="1" time="0.007532"/>
      <testcase name="testIsGet" class="tests\Core\RequestTest" file="/home/martin/Projects/Core/tests/Core/RequestTest.php" line="140" assertions="1" time="0.006304"/>
      <testcase name="testIsPost" class="tests\Core\RequestTest" file="/home/martin/Projects/Core/tests/Core/RequestTest.php" line="151" assertions="1" time="0.006425"/>
      <testcase name="testGetHost" class="tests\Core\RequestTest" file="/home/martin/Projects/Core/tests/Core/RequestTest.php" line="162" assertions="1" time="0.008870">
        <failure type="PHPUnit_Framework_ExpectationFailedException">tests\Core\RequestTest::testGetHost
Failed asserting that two strings are equal.
--- Expected
+++ Actual
@@ @@
-'dev-test'
+'dakota'

/home/martin/Projects/Core/tests/Core/RequestTest.php:164
</failure>
      </testcase>
      <testcase name="testGetClientIp" class="tests\Core\RequestTest" file="/home/martin/Projects/Core/tests/Core/RequestTest.php" line="176" assertions="2" time="0.009948">
        <failure type="PHPUnit_Framework_ExpectationFailedException">tests\Core\RequestTest::testGetClientIp
Failed asserting that false matches expected '127.0.0.1'.

/home/martin/Projects/Core/tests/Core/RequestTest.php:181
</failure>
      </testcase>
      <testcase name="testSetParams" class="tests\Core\RequestTest" file="/home/martin/Projects/Core/tests/Core/RequestTest.php" line="199" assertions="2" time="0.008585"/>
      <testcase name="testGetParam" class="tests\Core\RequestTest" file="/home/martin/Projects/Core/tests/Core/RequestTest.php" line="212" assertions="1" time="0.008222"/>
      <testcase name="testGet" class="tests\Core\RequestTest" file="/home/martin/Projects/Core/tests/Core/RequestTest.php" line="223" assertions="2" time="0.009853">
        <failure type="PHPUnit_Framework_ExpectationFailedException">tests\Core\RequestTest::testGet
Failed asserting that null matches expected 'value'.

/home/martin/Projects/Core/tests/Core/RequestTest.php:227
</failure>
      </testcase>
      <testcase name="testPost" class="tests\Core\RequestTest" file="/home/martin/Projects/Core/tests/Core/RequestTest.php" line="238" assertions="2" time="0.009734">
        <failure type="PHPUnit_Framework_ExpectationFailedException">tests\Core\RequestTest::testPost
Failed asserting that null matches expected 'value'.

/home/martin/Projects/Core/tests/Core/RequestTest.php:242
</failure>
      </testcase>
      <testcase name="testRequest" class="tests\Core\RequestTest" file="/home/martin/Projects/Core/tests/Core/RequestTest.php" line="254" assertions="2" time="0.010195">
        <failure type="PHPUnit_Framework_ExpectationFailedException">tests\Core\RequestTest::testRequest
Failed asserting that null matches expected 'value'.

/home/martin/Projects/Core/tests/Core/RequestTest.php:258
</failure>
      </testcase>
    </testsuite>
    <testsuite name="tests\Core\ResponseTest" file="/home/martin/Projects/Core/tests/Core/ResponseTest.php" namespace="tests\Core" fullPackage="Core" category="Unittest" package="Core" tests="0" assertions="0" failures="0" errors="0" time="0.000000"/>
    <testsuite name="tests\Core\RouteTest" file="/home/martin/Projects/Core/tests/Core/RouteTest.php" namespace="tests\Core" fullPackage="Core" category="Unittest" package="Core" tests="15" assertions="23" failures="0" errors="0" time="0.155239">
      <testcase name="testConstruct" class="tests\Core\RouteTest" file="/home/martin/Projects/Core/tests/Core/RouteTest.php" line="85" assertions="0" time="0.006227"/>
      <testcase name="testGetRouter" class="tests\Core\RouteTest" file="/home/martin/Projects/Core/tests/Core/RouteTest.php" line="105" assertions="1" time="0.007778"/>
      <testcase name="testSetRouter" class="tests\Core\RouteTest" file="/home/martin/Projects/Core/tests/Core/RouteTest.php" line="119" assertions="0" time="0.006271"/>
      <testcase name="testMatchEXPTrueDefaultRoute" class="tests\Core\RouteTest" file="/home/martin/Projects/Core/tests/Core/RouteTest.php" line="130" assertions="1" time="0.007297"/>
      <testcase name="testMatchEXPFalse" class="tests\Core\RouteTest" file="/home/martin/Projects/Core/tests/Core/RouteTest.php" line="143" assertions="1" time="0.007266"/>
      <testcase name="testMatchEXPTrueDefaultRouteWithoutExtension" class="tests\Core\RouteTest" file="/home/martin/Projects/Core/tests/Core/RouteTest.php" line="167" assertions="1" time="0.007369"/>
      <testcase name="testMatchEXPFalseTooFewArguments" class="tests\Core\RouteTest" file="/home/martin/Projects/Core/tests/Core/RouteTest.php" line="180" assertions="1" time="0.007200"/>
      <testcase name="testMatchEXPFalseTooFewArguments2" class="tests\Core\RouteTest" file="/home/martin/Projects/Core/tests/Core/RouteTest.php" line="204" assertions="1" time="0.007190"/>
      <testcase name="testUrlNoParams" class="tests\Core\RouteTest" file="/home/martin/Projects/Core/tests/Core/RouteTest.php" line="228" assertions="1" time="0.008818"/>
      <testcase name="testUrlWithParams" class="tests\Core\RouteTest" file="/home/martin/Projects/Core/tests/Core/RouteTest.php" line="241" assertions="1" time="0.010903"/>
      <testcase name="testUrl2" class="tests\Core\RouteTest" file="/home/martin/Projects/Core/tests/Core/RouteTest.php" line="263" assertions="6" time="0.025224"/>
      <testcase name="testUrlConstantPartsEXPExceptionUserIdIsNotSet" class="tests\Core\RouteTest" file="/home/martin/Projects/Core/tests/Core/RouteTest.php" line="387" assertions="1" time="0.009362"/>
      <testcase name="testUrlConstantParts" class="tests\Core\RouteTest" file="/home/martin/Projects/Core/tests/Core/RouteTest.php" line="456" assertions="1" time="0.011116"/>
      <testcase name="testUrlAbsolute" class="tests\Core\RouteTest" file="/home/martin/Projects/Core/tests/Core/RouteTest.php" line="532" assertions="5" time="0.022423"/>
      <testcase name="testGetParam" class="tests\Core\RouteTest" file="/home/martin/Projects/Core/tests/Core/RouteTest.php" line="701" assertions="2" time="0.010795"/>
    </testsuite>
    <testsuite name="tests\Core\RouterTest" file="/home/martin/Projects/Core/tests/Core/RouterTest.php" namespace="tests\Core" fullPackage="Core" category="Unittest" package="Core" tests="6" assertions="4" failures="0" errors="0" time="0.039609">
      <testcase name="testOffsetGet" class="tests\Core\RouterTest" file="/home/martin/Projects/Core/tests/Core/RouterTest.php" line="67" assertions="0" time="0.005496"/>
      <testcase name="testGetRoute" class="tests\Core\RouterTest" file="/home/martin/Projects/Core/tests/Core/RouterTest.php" line="81" assertions="1" time="0.007404"/>
      <testcase name="testAddRoute" class="tests\Core\RouterTest" file="/home/martin/Projects/Core/tests/Core/RouterTest.php" line="131" assertions="0" time="0.005417"/>
      <testcase name="testAddRoutes" class="tests\Core\RouterTest" file="/home/martin/Projects/Core/tests/Core/RouterTest.php" line="144" assertions="0" time="0.005350"/>
      <testcase name="testSearchRoute" class="tests\Core\RouterTest" file="/home/martin/Projects/Core/tests/Core/RouterTest.php" line="157" assertions="1" time="0.007329"/>
      <testcase name="testSetParam" class="tests\Core\RouterTest" file="/home/martin/Projects/Core/tests/Core/RouterTest.php" line="196" assertions="2" time="0.008613"/>
    </testsuite>
    <testsuite name="tests\Core\StringTest" file="/home/martin/Projects/Core/tests/Core/StringTest.php" namespace="tests\Core" fullPackage="Core" category="Unittest" package="Core" tests="9" assertions="21" failures="0" errors="0" time="0.078980">
      <testcase name="testSlugEXPEquals" class="tests\Core\StringTest" file="/home/martin/Projects/Core/tests/Core/StringTest.php" line="43" assertions="1" time="0.007170"/>
      <testcase name="testSlugEXPNotEquals" class="tests\Core\StringTest" file="/home/martin/Projects/Core/tests/Core/StringTest.php" line="60" assertions="4" time="0.016804"/>
      <testcase name="testSlugEXPUmlaute" class="tests\Core\StringTest" file="/home/martin/Projects/Core/tests/Core/StringTest.php" line="86" assertions="4" time="0.012892"/>
      <testcase name="testSlugEXPSonderzeichen" class="tests\Core\StringTest" file="/home/martin/Projects/Core/tests/Core/StringTest.php" line="102" assertions="1" time="0.007263"/>
      <testcase name="testSlugEXPEmpty" class="tests\Core\StringTest" file="/home/martin/Projects/Core/tests/Core/StringTest.php" line="119" assertions="1" time="0.007478"/>
      <testcase name="testStartsWithEXPTrue" class="tests\Core\StringTest" file="/home/martin/Projects/Core/tests/Core/StringTest.php" line="140" assertions="2" time="0.006707"/>
      <testcase name="testStartsWithEXPFalse" class="tests\Core\StringTest" file="/home/martin/Projects/Core/tests/Core/StringTest.php" line="162" assertions="3" time="0.006967"/>
      <testcase name="testEndsWithEXPTrue" class="tests\Core\StringTest" file="/home/martin/Projects/Core/tests/Core/StringTest.php" line="182" assertions="2" time="0.006619"/>
      <testcase name="testEndsWithEXPFalse" class="tests\Core\StringTest" file="/home/martin/Projects/Core/tests/Core/StringTest.php" line="205" assertions="3" time="0.007080"/>
    </testsuite>
    <testsuite name="tests\Core\SystemMessagesTest" file="/home/martin/Projects/Core/tests/Core/SystemMessagesTest.php" namespace="tests\Core" fullPackage="Core" category="Unittest" package="Core" tests="10" assertions="526" failures="0" errors="0" time="0.949500">
      <testcase name="testAddEXPInvalidArgumentException" class="tests\Core\SystemMessagesTest" file="/home/martin/Projects/Core/tests/Core/SystemMessagesTest.php" line="58" assertions="2" time="0.009176"/>
      <testcase name="testAddEXPVoid" class="tests\Core\SystemMessagesTest" file="/home/martin/Projects/Core/tests/Core/SystemMessagesTest.php" line="69" assertions="0" time="0.005717"/>
      <testcase name="testGetListEXPSingleArray" class="tests\Core\SystemMessagesTest" file="/home/martin/Projects/Core/tests/Core/SystemMessagesTest.php" line="82" assertions="1" time="0.007721"/>
      <testcase name="testGetListEXPMultiArray" class="tests\Core\SystemMessagesTest" file="/home/martin/Projects/Core/tests/Core/SystemMessagesTest.php" line="98" assertions="1" time="0.008087"/>
      <testcase name="testClear" class="tests\Core\SystemMessagesTest" file="/home/martin/Projects/Core/tests/Core/SystemMessagesTest.php" line="118" assertions="1" time="0.020722"/>
      <testcase name="testAddNotice" class="tests\Core\SystemMessagesTest" file="/home/martin/Projects/Core/tests/Core/SystemMessagesTest.php" line="143" assertions="6" time="0.012372"/>
      <testcase name="testAddWarning" class="tests\Core\SystemMessagesTest" file="/home/martin/Projects/Core/tests/Core/SystemMessagesTest.php" line="168" assertions="6" time="0.012370"/>
      <testcase name="testAddSuccess" class="tests\Core\SystemMessagesTest" file="/home/martin/Projects/Core/tests/Core/SystemMessagesTest.php" line="193" assertions="6" time="0.012419"/>
      <testcase name="testAddError" class="tests\Core\SystemMessagesTest" file="/home/martin/Projects/Core/tests/Core/SystemMessagesTest.php" line="218" assertions="6" time="0.012258"/>
      <testcase name="testAddMultiple" class="tests\Core\SystemMessagesTest" file="/home/martin/Projects/Core/tests/Core/SystemMessagesTest.php" line="239" assertions="497" time="0.848658"/>
    </testsuite>
    <testsuite name="tests\Core\ViewTest" file="/home/martin/Projects/Core/tests/Core/ViewTest.php" namespace="tests\Core" fullPackage="Core" category="Unittest" package="Core" tests="26" assertions="41" failures="2" errors="1" time="0.280693">
      <testcase name="testConstructEXPOkNoTemplateSet" class="tests\Core\ViewTest" file="/home/martin/Projects/Core/tests/Core/ViewTest.php" line="94" assertions="0" time="0.008508"/>
      <testcase name="testConstructEXPOkTemplateSet" class="tests\Core\ViewTest" file="/home/martin/Projects/Core/tests/Core/ViewTest.php" line="106" assertions="0" time="0.008649"/>
      <testcase name="testToStringEXPOk" class="tests\Core\ViewTest" file="/home/martin/Projects/Core/tests/Core/ViewTest.php" line="119" assertions="1" time="0.015180">
        <failure type="PHPUnit_Framework_ExpectationFailedException">tests\Core\ViewTest::testToStringEXPOk
Failed asserting that two strings are equal.
--- Expected
+++ Actual
@@ @@
-'ok'
+''

/home/martin/Projects/Core/tests/Core/ViewTest.php:122
</failure>
      </testcase>
      <testcase name="testToStringEXPNotOk" class="tests\Core\ViewTest" file="/home/martin/Projects/Core/tests/Core/ViewTest.php" line="133" assertions="1" time="0.014780"/>
      <testcase name="testToStringEXPOkNoTemplate" class="tests\Core\ViewTest" file="/home/martin/Projects/Core/tests/Core/ViewTest.php" line="147" assertions="1" time="0.010632"/>
      <testcase name="testOffsetGetEXPNull" class="tests\Core\ViewTest" file="/home/martin/Projects/Core/tests/Core/ViewTest.php" line="158" assertions="1" time="0.008192"/>
      <testcase name="testGetRouteEXPExceptionNoDefaultRouteIsSet" class="tests\Core\ViewTest" file="/home/martin/Projects/Core/tests/Core/ViewTest.php" line="171" assertions="1" time="0.009453"/>
      <testcase name="testSetTitle" class="tests\Core\ViewTest" file="/home/martin/Projects/Core/tests/Core/ViewTest.php" line="193" assertions="2" time="0.010007"/>
      <testcase name="testAddTitle" class="tests\Core\ViewTest" file="/home/martin/Projects/Core/tests/Core/ViewTest.php" line="207" assertions="3" time="0.011691"/>
      <testcase name="testSetTitleEXPFalse" class="tests\Core\ViewTest" file="/home/martin/Projects/Core/tests/Core/ViewTest.php" line="223" assertions="3" time="0.012710"/>
      <testcase name="testGetTitleEXPNoTitleSet" class="tests\Core\ViewTest" file="/home/martin/Projects/Core/tests/Core/ViewTest.php" line="239" assertions="1" time="0.010690">
        <failure type="PHPUnit_Framework_ExpectationFailedException">tests\Core\ViewTest::testGetTitleEXPNoTitleSet
Failed asserting that two strings are equal.
--- Expected
+++ Actual
@@ @@
-'No title set'
+''

/home/martin/Projects/Core/tests/Core/ViewTest.php:241
</failure>
      </testcase>
      <testcase name="testGetTitleEXPTitleSeparatedByMinus" class="tests\Core\ViewTest" file="/home/martin/Projects/Core/tests/Core/ViewTest.php" line="252" assertions="1" time="0.009732"/>
      <testcase name="testGetTitleEXPTitleSeparatedByKomma" class="tests\Core\ViewTest" file="/home/martin/Projects/Core/tests/Core/ViewTest.php" line="268" assertions="1" time="0.009706"/>
      <testcase name="testAddKeyword1Keyword" class="tests\Core\ViewTest" file="/home/martin/Projects/Core/tests/Core/ViewTest.php" line="282" assertions="2" time="0.009878"/>
      <testcase name="testAddKeyword3Keyword" class="tests\Core\ViewTest" file="/home/martin/Projects/Core/tests/Core/ViewTest.php" line="296" assertions="2" time="0.010104"/>
      <testcase name="testAddKeywordsEXPOkKeywordListSorted" class="tests\Core\ViewTest" file="/home/martin/Projects/Core/tests/Core/ViewTest.php" line="318" assertions="1" time="0.010047"/>
      <testcase name="testAddKeywordsEXPNotOkKeywordListSorted" class="tests\Core\ViewTest" file="/home/martin/Projects/Core/tests/Core/ViewTest.php" line="338" assertions="2" time="0.012879"/>
      <testcase name="testAddKeywordsEXPFalse" class="tests\Core\ViewTest" file="/home/martin/Projects/Core/tests/Core/ViewTest.php" line="362" assertions="1" time="0.008298"/>
      <testcase name="testSetDescription" class="tests\Core\ViewTest" file="/home/martin/Projects/Core/tests/Core/ViewTest.php" line="375" assertions="1" time="0.009778"/>
      <testcase name="testGetDescriptionEXPNull" class="tests\Core\ViewTest" file="/home/martin/Projects/Core/tests/Core/ViewTest.php" line="389" assertions="1" time="0.008282"/>
      <testcase name="testGetDescriptionEXPShortenedString" class="tests\Core\ViewTest" file="/home/martin/Projects/Core/tests/Core/ViewTest.php" line="400" assertions="1" time="0.009831"/>
      <testcase name="testSetTemplateEXPArray1Count" class="tests\Core\ViewTest" file="/home/martin/Projects/Core/tests/Core/ViewTest.php" line="420" assertions="4" time="0.014387"/>
      <testcase name="testAddTemplate" class="tests\Core\ViewTest" file="/home/martin/Projects/Core/tests/Core/ViewTest.php" line="440" assertions="4" time="0.013278"/>
      <testcase name="testRemoveTemplates" class="tests\Core\ViewTest" file="/home/martin/Projects/Core/tests/Core/ViewTest.php" line="461" assertions="1" time="0.009751"/>
      <testcase name="testGetTemplates" class="tests\Core\ViewTest" file="/home/martin/Projects/Core/tests/Core/ViewTest.php" line="478" assertions="5" time="0.015576"/>
      <testcase name="testRenderEXPOk" class="tests\Core\ViewTest" file="/home/martin/Projects/Core/tests/Core/ViewTest.php" line="510" assertions="0" time="0.008674">
        <error type="PHPUnit_Framework_Error_Warning">tests\Core\ViewTest::testRenderEXPOk
include(/home/martin/Projects/Core/tests/Core/../../TestClasses/testtemplate.html.php): failed to open stream: No such file or directory

/home/martin/Projects/Core/src/View.php:424
/home/martin/Projects/Core/src/View.php:424
/home/martin/Projects/Core/tests/Core/ViewTest.php:512
</error>
      </testcase>
    </testsuite>
  </testsuite>
</testsuites>
